<?xml version="1.0" encoding="UTF-8"?>
<testng-results ignored="0" total="1" passed="1" failed="0" skipped="0">
  <reporter-output>
  </reporter-output>
  <suite started-at="2023-06-18T20:50:30 IST" name="Default suite" finished-at="2023-06-18T20:50:53 IST" duration-ms="23096">
    <groups>
    </groups>
    <test started-at="2023-06-18T20:50:30 IST" name="Default test" finished-at="2023-06-18T20:50:53 IST" duration-ms="23096">
      <class name="TestingInstagram">
        <test-method signature="InstagramApp()[pri:0, instance:TestingInstagram@1b1426f4]" started-at="2023-06-18T20:50:30 IST" name="InstagramApp" finished-at="2023-06-18T20:50:53 IST" duration-ms="22990" status="PASS">
          <reporter-output>
          </reporter-output>
        </test-method> <!-- InstagramApp -->
      </class> <!-- TestingInstagram -->
    </test> <!-- Default test -->
  </suite> <!-- Default suite -->
</testng-results>
